<?xml version="1.0" encoding="UTF-8"?>
<!-- Generated by org.testng.reporters.JUnitXMLReporter -->
<testsuite hostname="DELL" ignored="0" name="Default test" tests="13" failures="0" timestamp="22 May 2019 14:38:35 GMT" time="24.651" errors="0">
  <testcase name="addVenue" time="5.66" classname="VenuesAutomation.CompleteVenueTesting"/>
  <testcase name="invalidOrganization" time="1.592" classname="VenuesAutomation.CompleteVenueTesting"/>
  <testcase name="invalidToken" time="1.623" classname="VenuesAutomation.CompleteVenueTesting"/>
  <testcase name="mapinvalidOrganization" time="1.578" classname="VenuesAutomation.CompleteVenueTesting"/>
  <testcase name="mapinvalidToken" time="1.513" classname="VenuesAutomation.CompleteVenueTesting"/>
  <testcase name="mapinvalidVenue" time="1.602" classname="VenuesAutomation.CompleteVenueTesting"/>
  <testcase name="MappingVenue" time="1.562" classname="VenuesAutomation.CompleteVenueTesting"/>
  <testcase name="grpinvalidOrganization" time="1.588" classname="VenuesAutomation.CompleteVenueTesting"/>
  <testcase name="grpinvalidToken" time="1.542" classname="VenuesAutomation.CompleteVenueTesting"/>
  <testcase name="invalidVenue" time="1.58" classname="VenuesAutomation.CompleteVenueTesting"/>
  <testcase name="invalidGroup" time="1.557" classname="VenuesAutomation.CompleteVenueTesting"/>
  <testcase name="invalidRoles" time="1.532" classname="VenuesAutomation.CompleteVenueTesting"/>
  <testcase name="MapAdminandVenue" time="1.598" classname="VenuesAutomation.CompleteVenueTesting"/>
</testsuite> <!-- Default test -->
