<?xml version="1.0" encoding="UTF-8"?>
<!-- Generated by org.testng.reporters.JUnitXMLReporter -->
<testsuite hostname="DELL" ignored="0" name="Default test" tests="3" failures="0" timestamp="20 Feb 2019 12:43:17 GMT" time="7.352" errors="0">
  <testcase name="invalidToken" time="1.905" classname="FormBuilderTesting.AddWorkflow"/>
  <testcase name="invalidOrganization" time="1.597" classname="FormBuilderTesting.AddWorkflow"/>
  <testcase name="AddWorkFlow" time="3.703" classname="FormBuilderTesting.AddWorkflow"/>
</testsuite> <!-- Default test -->
