<?xml version="1.0" encoding="UTF-8"?>
<testng-results skipped="0" failed="0" ignored="0" total="3" passed="3">
  <reporter-output>
  </reporter-output>
  <suite name="Default suite" duration-ms="7352" started-at="2019-02-20T12:43:10Z" finished-at="2019-02-20T12:43:17Z">
    <groups>
    </groups>
    <test name="Default test" duration-ms="7352" started-at="2019-02-20T12:43:10Z" finished-at="2019-02-20T12:43:17Z">
      <class name="FormBuilderTesting.AddWorkflow">
        <test-method status="PASS" signature="invalidToken()[pri:0, instance:FormBuilderTesting.AddWorkflow@2d72f75e]" name="invalidToken" duration-ms="1905" started-at="2019-02-20T12:43:10Z" description="Adding workflow with invalid token" finished-at="2019-02-20T12:43:12Z">
          <reporter-output>
          </reporter-output>
        </test-method> <!-- invalidToken -->
        <test-method status="PASS" signature="invalidOrganization()[pri:0, instance:FormBuilderTesting.AddWorkflow@2d72f75e]" name="invalidOrganization" duration-ms="1597" started-at="2019-02-20T12:43:12Z" description="invalid organization id" depends-on-methods="FormBuilderTesting.AddWorkflow.invalidToken" finished-at="2019-02-20T12:43:13Z">
          <reporter-output>
          </reporter-output>
        </test-method> <!-- invalidOrganization -->
        <test-method status="PASS" signature="AddWorkFlow()[pri:0, instance:FormBuilderTesting.AddWorkflow@2d72f75e]" name="AddWorkFlow" duration-ms="3703" started-at="2019-02-20T12:43:13Z" description="Adding WorkFlow" depends-on-methods="FormBuilderTesting.AddWorkflow.invalidOrganization" finished-at="2019-02-20T12:43:17Z">
          <reporter-output>
          </reporter-output>
        </test-method> <!-- AddWorkFlow -->
      </class> <!-- FormBuilderTesting.AddWorkflow -->
    </test> <!-- Default test -->
  </suite> <!-- Default suite -->
</testng-results>
